<?xml version="1.0" encoding="UTF-8"?>
<!-- Generated by org.testng.reporters.JUnitReportReporter -->
<testsuite hostname="Samays-MacBook-Air.local" failures="0" tests="1" name="coindcxtest.coindcxtest.LoginTest2" time="0.000" errors="0" timestamp="25 Jul 2021 20:04:18 GMT">
  <testcase classname="coindcxtest.coindcxtest.LoginTest2" name="login2" time="0.000"/>
</testsuite> <!-- coindcxtest.coindcxtest.LoginTest2 -->
